<?xml version="1.0" encoding="UTF-8"?>
<testng-results total="6" passed="6" failed="0" skipped="0">
  <reporter-output>
  </reporter-output>
  <suite started-at="2024-02-21T05:20:54Z" name="New_FrameWork" finished-at="2024-02-21T05:22:31Z" duration-ms="96806">
    <groups>
    </groups>
    <test started-at="2024-02-21T05:20:54Z" name="BankingApp Test" finished-at="2024-02-21T05:21:37Z" duration-ms="43382">
      <class name="com.framework.testCases.TC_EzyThemes_02">
        <test-method is-config="true" signature="setUp(java.lang.String)[pri:0, instance:com.framework.testCases.TC_EzyThemes_02@a3d8174]" started-at="2024-02-21T10:51:21Z" name="setUp" finished-at="2024-02-21T10:51:23Z" duration-ms="1682" status="PASS">
          <params>
            <param index="0">
              <value>
                <![CDATA[chrome]]>
              </value>
            </param>
          </params>
          <reporter-output>
          </reporter-output>
        </test-method> <!-- setUp -->
        <test-method signature="ezyThemes()[pri:0, instance:com.framework.testCases.TC_EzyThemes_02@a3d8174]" started-at="2024-02-21T10:51:23Z" name="ezyThemes" finished-at="2024-02-21T10:51:37Z" duration-ms="14356" status="PASS">
          <reporter-output>
          </reporter-output>
        </test-method> <!-- ezyThemes -->
        <test-method is-config="true" signature="tearDown()[pri:0, instance:com.framework.testCases.TC_EzyThemes_02@a3d8174]" started-at="2024-02-21T10:51:37Z" name="tearDown" finished-at="2024-02-21T10:51:37Z" duration-ms="217" status="PASS">
          <reporter-output>
          </reporter-output>
        </test-method> <!-- tearDown -->
      </class> <!-- com.framework.testCases.TC_EzyThemes_02 -->
      <class name="com.framework.testCases.TC_EzyThemes_03">
        <test-method is-config="true" signature="setUp(java.lang.String)[pri:0, instance:com.framework.testCases.TC_EzyThemes_03@62230c58]" started-at="2024-02-21T10:51:02Z" name="setUp" finished-at="2024-02-21T10:51:04Z" duration-ms="2231" status="PASS">
          <params>
            <param index="0">
              <value>
                <![CDATA[chrome]]>
              </value>
            </param>
          </params>
          <reporter-output>
          </reporter-output>
        </test-method> <!-- setUp -->
        <test-method signature="ezyThemes()[pri:0, instance:com.framework.testCases.TC_EzyThemes_03@62230c58]" started-at="2024-02-21T10:51:04Z" name="ezyThemes" finished-at="2024-02-21T10:51:21Z" duration-ms="16575" status="PASS">
          <reporter-output>
          </reporter-output>
        </test-method> <!-- ezyThemes -->
        <test-method is-config="true" signature="tearDown()[pri:0, instance:com.framework.testCases.TC_EzyThemes_03@62230c58]" started-at="2024-02-21T10:51:21Z" name="tearDown" finished-at="2024-02-21T10:51:21Z" duration-ms="184" status="PASS">
          <reporter-output>
          </reporter-output>
        </test-method> <!-- tearDown -->
      </class> <!-- com.framework.testCases.TC_EzyThemes_03 -->
      <class name="com.framework.testCases.TC_Login_01">
        <test-method is-config="true" signature="setUp(java.lang.String)[pri:0, instance:com.framework.testCases.TC_Login_01@44821a96]" started-at="2024-02-21T10:50:54Z" name="setUp" finished-at="2024-02-21T10:50:59Z" duration-ms="4285" status="PASS">
          <params>
            <param index="0">
              <value>
                <![CDATA[chrome]]>
              </value>
            </param>
          </params>
          <reporter-output>
          </reporter-output>
        </test-method> <!-- setUp -->
        <test-method signature="loginTest()[pri:0, instance:com.framework.testCases.TC_Login_01@44821a96]" started-at="2024-02-21T10:50:59Z" name="loginTest" finished-at="2024-02-21T10:51:02Z" duration-ms="3354" status="PASS">
          <reporter-output>
          </reporter-output>
        </test-method> <!-- loginTest -->
        <test-method is-config="true" signature="tearDown()[pri:0, instance:com.framework.testCases.TC_Login_01@44821a96]" started-at="2024-02-21T10:51:02Z" name="tearDown" finished-at="2024-02-21T10:51:02Z" duration-ms="306" status="PASS">
          <reporter-output>
          </reporter-output>
        </test-method> <!-- tearDown -->
      </class> <!-- com.framework.testCases.TC_Login_01 -->
    </test> <!-- BankingApp Test -->
    <test started-at="2024-02-21T05:21:38Z" name="BankingApp Test1" finished-at="2024-02-21T05:22:31Z" duration-ms="53063">
      <class name="com.framework.testCases.TC_EzyThemes_02">
        <test-method is-config="true" signature="setUp(java.lang.String)[pri:0, instance:com.framework.testCases.TC_EzyThemes_02@57af006c]" started-at="2024-02-21T10:52:09Z" name="setUp" finished-at="2024-02-21T10:52:13Z" duration-ms="3830" status="PASS">
          <params>
            <param index="0">
              <value>
                <![CDATA[firefox]]>
              </value>
            </param>
          </params>
          <reporter-output>
          </reporter-output>
        </test-method> <!-- setUp -->
        <test-method signature="ezyThemes()[pri:0, instance:com.framework.testCases.TC_EzyThemes_02@57af006c]" started-at="2024-02-21T10:52:13Z" name="ezyThemes" finished-at="2024-02-21T10:52:30Z" duration-ms="16853" status="PASS">
          <reporter-output>
          </reporter-output>
        </test-method> <!-- ezyThemes -->
        <test-method is-config="true" signature="tearDown()[pri:0, instance:com.framework.testCases.TC_EzyThemes_02@57af006c]" started-at="2024-02-21T10:52:30Z" name="tearDown" finished-at="2024-02-21T10:52:31Z" duration-ms="916" status="PASS">
          <reporter-output>
          </reporter-output>
        </test-method> <!-- tearDown -->
      </class> <!-- com.framework.testCases.TC_EzyThemes_02 -->
      <class name="com.framework.testCases.TC_EzyThemes_03">
        <test-method is-config="true" signature="setUp(java.lang.String)[pri:0, instance:com.framework.testCases.TC_EzyThemes_03@193f604a]" started-at="2024-02-21T10:51:47Z" name="setUp" finished-at="2024-02-21T10:51:51Z" duration-ms="3321" status="PASS">
          <params>
            <param index="0">
              <value>
                <![CDATA[firefox]]>
              </value>
            </param>
          </params>
          <reporter-output>
          </reporter-output>
        </test-method> <!-- setUp -->
        <test-method signature="ezyThemes()[pri:0, instance:com.framework.testCases.TC_EzyThemes_03@193f604a]" started-at="2024-02-21T10:51:51Z" name="ezyThemes" finished-at="2024-02-21T10:52:08Z" duration-ms="17635" status="PASS">
          <reporter-output>
          </reporter-output>
        </test-method> <!-- ezyThemes -->
        <test-method is-config="true" signature="tearDown()[pri:0, instance:com.framework.testCases.TC_EzyThemes_03@193f604a]" started-at="2024-02-21T10:52:08Z" name="tearDown" finished-at="2024-02-21T10:52:09Z" duration-ms="871" status="PASS">
          <reporter-output>
          </reporter-output>
        </test-method> <!-- tearDown -->
      </class> <!-- com.framework.testCases.TC_EzyThemes_03 -->
      <class name="com.framework.testCases.TC_Login_01">
        <test-method is-config="true" signature="setUp(java.lang.String)[pri:0, instance:com.framework.testCases.TC_Login_01@20f5239f]" started-at="2024-02-21T10:51:38Z" name="setUp" finished-at="2024-02-21T10:51:43Z" duration-ms="5045" status="PASS">
          <params>
            <param index="0">
              <value>
                <![CDATA[firefox]]>
              </value>
            </param>
          </params>
          <reporter-output>
          </reporter-output>
        </test-method> <!-- setUp -->
        <test-method signature="loginTest()[pri:0, instance:com.framework.testCases.TC_Login_01@20f5239f]" started-at="2024-02-21T10:51:43Z" name="loginTest" finished-at="2024-02-21T10:51:46Z" duration-ms="3565" status="PASS">
          <reporter-output>
          </reporter-output>
        </test-method> <!-- loginTest -->
        <test-method is-config="true" signature="tearDown()[pri:0, instance:com.framework.testCases.TC_Login_01@20f5239f]" started-at="2024-02-21T10:51:46Z" name="tearDown" finished-at="2024-02-21T10:51:47Z" duration-ms="1017" status="PASS">
          <reporter-output>
          </reporter-output>
        </test-method> <!-- tearDown -->
      </class> <!-- com.framework.testCases.TC_Login_01 -->
    </test> <!-- BankingApp Test1 -->
  </suite> <!-- New_FrameWork -->
</testng-results>
