<?xml version="1.0" encoding="UTF-8"?>
<testng-results total="1" passed="0" failed="1" skipped="0">
  <reporter-output>
  </reporter-output>
  <suite started-at="2024-01-24T14:23:19Z" name="New_FrameWork" finished-at="2024-01-24T14:23:31Z" duration-ms="12198">
    <groups>
    </groups>
    <test started-at="2024-01-24T14:23:19Z" name="BankingApp Test" finished-at="2024-01-24T14:23:31Z" duration-ms="12198">
      <class name="com.framework.testCases.TC_EzyThemes_02">
        <test-method is-config="true" signature="setUp(java.lang.String)[pri:0, instance:com.framework.testCases.TC_EzyThemes_02@6366ebe0]" started-at="2024-01-24T19:53:19Z" name="setUp" finished-at="2024-01-24T19:53:25Z" duration-ms="5362" status="PASS">
          <params>
            <param index="0">
              <value>
                <![CDATA[chrome]]>
              </value>
            </param>
          </params>
          <reporter-output>
          </reporter-output>
        </test-method> <!-- setUp -->
        <test-method signature="ezyThemes()[pri:0, instance:com.framework.testCases.TC_EzyThemes_02@6366ebe0]" started-at="2024-01-24T19:53:25Z" name="ezyThemes" finished-at="2024-01-24T19:53:31Z" duration-ms="6102" status="FAIL">
          <exception class="java.lang.ClassCastException">
            <message>
              <![CDATA[class jdk.proxy2.$Proxy16 cannot be cast to class org.openqa.selenium.remote.RemoteWebElement (jdk.proxy2.$Proxy16 is in module jdk.proxy2 of loader 'app'; org.openqa.selenium.remote.RemoteWebElement is in unnamed module of loader 'app')]]>
            </message>
            <full-stacktrace>
              <![CDATA[java.lang.ClassCastException: class jdk.proxy2.$Proxy16 cannot be cast to class org.openqa.selenium.remote.RemoteWebElement (jdk.proxy2.$Proxy16 is in module jdk.proxy2 of loader 'app'; org.openqa.selenium.remote.RemoteWebElement is in unnamed module of loader 'app')
	at com.framework.pageObjects.EzyThemesPage.uploadVideoAudioDocuments(EzyThemesPage.java:182)
	at com.framework.testCases.TC_EzyThemes_02.ezyThemes(TC_EzyThemes_02.java:53)
	at java.base/jdk.internal.reflect.DirectMethodHandleAccessor.invoke(DirectMethodHandleAccessor.java:103)
	at java.base/java.lang.reflect.Method.invoke(Method.java:580)
	at org.testng.internal.MethodInvocationHelper.invokeMethod(MethodInvocationHelper.java:80)
	at org.testng.internal.Invoker.invokeMethod(Invoker.java:714)
	at org.testng.internal.Invoker.invokeTestMethod(Invoker.java:901)
	at org.testng.internal.Invoker.invokeTestMethods(Invoker.java:1231)
	at org.testng.internal.TestMethodWorker.invokeTestMethods(TestMethodWorker.java:127)
	at org.testng.internal.TestMethodWorker.run(TestMethodWorker.java:111)
	at org.testng.TestRunner.privateRun(TestRunner.java:767)
	at org.testng.TestRunner.run(TestRunner.java:617)
	at org.testng.SuiteRunner.runTest(SuiteRunner.java:334)
	at org.testng.SuiteRunner.runSequentially(SuiteRunner.java:329)
	at org.testng.SuiteRunner.privateRun(SuiteRunner.java:291)
	at org.testng.SuiteRunner.run(SuiteRunner.java:240)
	at org.testng.SuiteRunnerWorker.runSuite(SuiteRunnerWorker.java:52)
	at org.testng.SuiteRunnerWorker.run(SuiteRunnerWorker.java:86)
	at org.testng.TestNG.runSuitesSequentially(TestNG.java:1198)
	at org.testng.TestNG.runSuitesLocally(TestNG.java:1123)
	at org.testng.TestNG.run(TestNG.java:1031)
	at org.apache.maven.surefire.testng.TestNGExecutor.run(TestNGExecutor.java:295)
	at org.apache.maven.surefire.testng.TestNGXmlTestSuite.execute(TestNGXmlTestSuite.java:84)
	at org.apache.maven.surefire.testng.TestNGProvider.invoke(TestNGProvider.java:90)
	at org.apache.maven.surefire.booter.ForkedBooter.invokeProviderInSameClassLoader(ForkedBooter.java:203)
	at org.apache.maven.surefire.booter.ForkedBooter.runSuitesInProcess(ForkedBooter.java:155)
	at org.apache.maven.surefire.booter.ForkedBooter.main(ForkedBooter.java:103)
]]>
            </full-stacktrace>
          </exception> <!-- java.lang.ClassCastException -->
          <reporter-output>
          </reporter-output>
        </test-method> <!-- ezyThemes -->
        <test-method is-config="true" signature="tearDown()[pri:0, instance:com.framework.testCases.TC_EzyThemes_02@6366ebe0]" started-at="2024-01-24T19:53:31Z" name="tearDown" finished-at="2024-01-24T19:53:31Z" duration-ms="315" status="PASS">
          <reporter-output>
          </reporter-output>
        </test-method> <!-- tearDown -->
      </class> <!-- com.framework.testCases.TC_EzyThemes_02 -->
    </test> <!-- BankingApp Test -->
  </suite> <!-- New_FrameWork -->
</testng-results>
