<?xml version="1.0" encoding="UTF-8"?>
<!-- Generated by org.testng.reporters.JUnitXMLReporter -->
<testsuite hostname="DESKTOP-BA2KINH" failures="0" tests="3" name="BankingApp Test" time="43.382" errors="0" timestamp="21 Feb 2024 05:21:38 GMT">
  <testcase classname="com.framework.testCases.TC_Login_01" name="loginTest" time="3.354"/>
  <testcase classname="com.framework.testCases.TC_EzyThemes_03" name="ezyThemes" time="16.575"/>
  <testcase classname="com.framework.testCases.TC_EzyThemes_02" name="ezyThemes" time="14.356"/>
</testsuite> <!-- BankingApp Test -->
