<?xml version="1.0" encoding="UTF-8"?>
<!-- Generated by org.testng.reporters.JUnitXMLReporter -->
<testsuite hostname="DESKTOP-BA2KINH" failures="0" tests="3" name="BankingApp Test1" time="53.063" errors="0" timestamp="21 Feb 2024 05:22:31 GMT">
  <testcase classname="com.framework.testCases.TC_Login_01" name="loginTest" time="3.565"/>
  <testcase classname="com.framework.testCases.TC_EzyThemes_03" name="ezyThemes" time="17.635"/>
  <testcase classname="com.framework.testCases.TC_EzyThemes_02" name="ezyThemes" time="16.853"/>
</testsuite> <!-- BankingApp Test1 -->
